<?xml version="1.0" encoding="UTF-8"?>
<!-- Generated by org.testng.reporters.JUnitXMLReporter -->
<testsuite hostname="DELL-PC" name="Login Test" tests="7" failures="3" timestamp="18 Dec 2016 07:06:45 GMT" time="38.991" errors="0">
  <testcase name="testFooterLinks" time="4.601" classname="com.testcases.LoginTest">
    <failure type="java.lang.AssertionError" message="expected [28] but found [27]">
      <![CDATA[java.lang.AssertionError: expected [28] but found [27]
	at com.testcases.LoginTest.testFooterLinks(LoginTest.java:37)
... Removed 31 stack frames]]>
    </failure>
  </testcase> <!-- testFooterLinks -->
  <testcase name="testGlobalImage" time="3.08" classname="com.testcases.LoginTest"/>
  <testcase name="testInValidLogin" time="2.635" classname="com.testcases.LoginTest"/>
  <testcase name="testMainText" time="2.946" classname="com.testcases.LoginTest"/>
  <testcase name="testValidLogin" time="1.768" classname="com.testcases.LoginTest"/>
  <testcase name="testActivityLog" time="23.555" classname="com.testcases.LandingPageTest">
    <failure type="org.openqa.selenium.NoSuchElementException" message="Unable to locate element: ._5lxt f_click
For documentation on this error, please visit: http://seleniumhq.org/exceptions/no_such_element.html
Build info: version: &amp;apos;3.0.1&amp;apos;, revision: &amp;apos;1969d75&amp;apos;, time: &amp;apos;2016-10-18 09:49:13 -0700&amp;apos;
System info: host: &amp;apos;DELL-PC&amp;apos;, ip: &amp;apos;192.168.0.12&amp;apos;, os.name: &amp;apos;Windows 7&amp;apos;, os.arch: &amp;apos;amd64&amp;apos;, os.version: &amp;apos;6.1&amp;apos;, java.version: &amp;apos;1.8.0_111&amp;apos;
Driver info: org.openqa.selenium.firefox.FirefoxDriver
Capabilities [{rotatable=false, raisesAccessibilityExceptions=false, marionette=true, firefoxOptions={args=[], prefs={}}, appBuildId=20161129173726, version=, platform=XP, proxy={}, command_id=1, specificationLevel=0, acceptSslCerts=false, processId=7960, browserVersion=50.0.2, platformVersion=6.1, XULappId={ec8030f7-c20a-464f-9b0e-13a3a9e97384}, browserName=firefox, takesScreenshot=true, takesElementScreenshot=true, platformName=windows_nt}]
Session ID: af8517a5-be68-40b4-b3c4-e299ab7330f9
*** Element info: {Using=class name, value=_5lxt f_click}">
      <![CDATA[org.openqa.selenium.NoSuchElementException: Unable to locate element: ._5lxt f_click
For documentation on this error, please visit: http://seleniumhq.org/exceptions/no_such_element.html
Build info: version: '3.0.1', revision: '1969d75', time: '2016-10-18 09:49:13 -0700'
System info: host: 'DELL-PC', ip: '192.168.0.12', os.name: 'Windows 7', os.arch: 'amd64', os.version: '6.1', java.version: '1.8.0_111'
Driver info: org.openqa.selenium.firefox.FirefoxDriver
Capabilities [{rotatable=false, raisesAccessibilityExceptions=false, marionette=true, firefoxOptions={args=[], prefs={}}, appBuildId=20161129173726, version=, platform=XP, proxy={}, command_id=1, specificationLevel=0, acceptSslCerts=false, processId=7960, browserVersion=50.0.2, platformVersion=6.1, XULappId={ec8030f7-c20a-464f-9b0e-13a3a9e97384}, browserName=firefox, takesScreenshot=true, takesElementScreenshot=true, platformName=windows_nt}]
Session ID: af8517a5-be68-40b4-b3c4-e299ab7330f9
*** Element info: {Using=class name, value=_5lxt f_click}
	at org.openqa.selenium.remote.http.W3CHttpResponseCodec.createException(W3CHttpResponseCodec.java:127)
	at org.openqa.selenium.remote.http.W3CHttpResponseCodec.decode(W3CHttpResponseCodec.java:93)
	at org.openqa.selenium.remote.http.W3CHttpResponseCodec.decode(W3CHttpResponseCodec.java:42)
	at org.openqa.selenium.remote.HttpCommandExecutor.execute(HttpCommandExecutor.java:163)
	at org.openqa.selenium.remote.service.DriverCommandExecutor.execute(DriverCommandExecutor.java:82)
	at org.openqa.selenium.remote.RemoteWebDriver.execute(RemoteWebDriver.java:601)
	at org.openqa.selenium.remote.RemoteWebDriver.findElement(RemoteWebDriver.java:368)
	at org.openqa.selenium.remote.RemoteWebDriver.findElementByClassName(RemoteWebDriver.java:457)
	at org.openqa.selenium.By$ByClassName.findElement(By.java:391)
	at org.openqa.selenium.remote.RemoteWebDriver.findElement(RemoteWebDriver.java:360)
	at com.pages.LandingPage.navigateToActivityLog(LandingPage.java:14)
	at com.testcases.LandingPageTest.testActivityLog(LandingPageTest.java:14)
... Removed 29 stack frames]]>
    </failure>
  </testcase> <!-- testActivityLog -->
  <testcase name="verifyActivityLogText" time="0.12" classname="com.testcases.LandingPageTest">
    <failure type="java.lang.AssertionError" message="expected [sample] but found [null]">
      <![CDATA[java.lang.AssertionError: expected [sample] but found [null]
	at com.testcases.LandingPageTest.verifyActivityLogText(LandingPageTest.java:21)
... Removed 31 stack frames]]>
    </failure>
  </testcase> <!-- verifyActivityLogText -->
</testsuite> <!-- Login Test -->
